<?xml version="1.0" encoding="UTF-8"?>
<!-- Generated by org.testng.reporters.JUnitXMLReporter -->
<testsuite ignored="2" hostname="VikasGidwani" failures="0" tests="2" name="Test" time="51.381" errors="0" timestamp="21 Sept 2023 08:00:27 GMT">
  <testcase classname="scripts.AdminTest" name="TC_01_Admin_CreateNewUser" time="17.378"/>
  <testcase classname="scripts.LoginTest" name="TC_01_LoginTest" time="17.148"/>
  <testcase classname="generic.BaseTest" name="@AfterTest dockerComposeDown" time="0.0">
    <ignored/>
  </testcase> <!-- @AfterTest dockerComposeDown -->
  <testcase classname="generic.BaseTest" name="@BeforeTest dockerComposeUP" time="0.0">
    <ignored/>
  </testcase> <!-- @BeforeTest dockerComposeUP -->
</testsuite> <!-- Test -->
