<?xml version="1.0" encoding="UTF-8"?>
<testng-results ignored="2" total="4" passed="2" failed="0" skipped="0">
  <reporter-output>
  </reporter-output>
  <suite started-at="2023-09-21T07:59:35Z" name="Suite" finished-at="2023-09-21T08:00:27Z" duration-ms="51381">
    <groups>
    </groups>
    <test started-at="2023-09-21T07:59:35Z" name="Test" finished-at="2023-09-21T08:00:27Z" duration-ms="51381">
      <class name="scripts.LoginTest">
        <test-method is-config="true" signature="initialiseSetup()[pri:0, instance:scripts.LoginTest@52af26ee]" started-at="2023-09-21T08:00:03Z" name="initialiseSetup" finished-at="2023-09-21T08:00:09Z" duration-ms="6793" status="PASS">
          <reporter-output>
          </reporter-output>
        </test-method> <!-- initialiseSetup -->
        <test-method signature="TC_01_LoginTest()[pri:0, instance:scripts.LoginTest@52af26ee]" started-at="2023-09-21T08:00:09Z" name="TC_01_LoginTest" finished-at="2023-09-21T08:00:26Z" duration-ms="17148" status="PASS">
          <reporter-output>
          </reporter-output>
        </test-method> <!-- TC_01_LoginTest -->
        <test-method is-config="true" signature="setupDown()[pri:0, instance:scripts.LoginTest@52af26ee]" started-at="2023-09-21T08:00:26Z" name="setupDown" finished-at="2023-09-21T08:00:27Z" duration-ms="130" status="PASS">
          <reporter-output>
          </reporter-output>
        </test-method> <!-- setupDown -->
      </class> <!-- scripts.LoginTest -->
      <class name="scripts.AdminTest">
        <test-method is-config="true" signature="dockerComposeUP()[pri:0, instance:scripts.AdminTest@306e95ec]" started-at="2023-09-21T07:59:35Z" name="dockerComposeUP" finished-at="2023-09-21T07:59:35Z" duration-ms="20" status="PASS">
          <reporter-output>
          </reporter-output>
        </test-method> <!-- dockerComposeUP -->
        <test-method is-config="true" signature="initialiseSetup()[pri:0, instance:scripts.AdminTest@306e95ec]" started-at="2023-09-21T07:59:35Z" name="initialiseSetup" finished-at="2023-09-21T07:59:45Z" duration-ms="9703" status="PASS">
          <reporter-output>
          </reporter-output>
        </test-method> <!-- initialiseSetup -->
        <test-method signature="TC_01_Admin_CreateNewUser()[pri:0, instance:scripts.AdminTest@306e95ec]" started-at="2023-09-21T07:59:45Z" name="TC_01_Admin_CreateNewUser" finished-at="2023-09-21T08:00:02Z" duration-ms="17378" status="PASS">
          <reporter-output>
          </reporter-output>
        </test-method> <!-- TC_01_Admin_CreateNewUser -->
        <test-method is-config="true" signature="setupDown()[pri:0, instance:scripts.AdminTest@306e95ec]" started-at="2023-09-21T08:00:02Z" name="setupDown" finished-at="2023-09-21T08:00:02Z" duration-ms="164" status="PASS">
          <reporter-output>
          </reporter-output>
        </test-method> <!-- setupDown -->
        <test-method is-config="true" signature="dockerComposeDown()[pri:0, instance:scripts.AdminTest@306e95ec]" started-at="2023-09-21T08:00:27Z" name="dockerComposeDown" finished-at="2023-09-21T08:00:27Z" duration-ms="0" status="PASS">
          <reporter-output>
          </reporter-output>
        </test-method> <!-- dockerComposeDown -->
      </class> <!-- scripts.AdminTest -->
    </test> <!-- Test -->
  </suite> <!-- Suite -->
</testng-results>
